<?xml version="1.0" encoding="UTF-8"?>
<testng-results skipped="0" failed="0" total="1" passed="1">
  <reporter-output>
  </reporter-output>
  <suite name="Surefire suite" duration-ms="2959" started-at="2021-06-30T18:50:53Z" finished-at="2021-06-30T18:50:56Z">
    <groups>
    </groups>
    <test name="Surefire test" duration-ms="2959" started-at="2021-06-30T18:50:53Z" finished-at="2021-06-30T18:50:56Z">
      <class name="testcases.testcase1">
        <test-method status="PASS" signature="initialize()[pri:0, instance:testcases.testcase1@52a86356]" name="initialize" is-config="true" duration-ms="2112" started-at="2021-06-30T18:50:53Z" finished-at="2021-06-30T18:50:55Z">
          <reporter-output>
          </reporter-output>
        </test-method> <!-- initialize -->
        <test-method status="PASS" signature="method1()[pri:0, instance:testcases.testcase1@52a86356]" name="method1" duration-ms="103" started-at="2021-06-30T18:50:55Z" finished-at="2021-06-30T18:50:55Z">
          <reporter-output>
          </reporter-output>
        </test-method> <!-- method1 -->
        <test-method status="PASS" signature="deinitialize()[pri:0, instance:testcases.testcase1@52a86356]" name="deinitialize" is-config="true" duration-ms="733" started-at="2021-06-30T18:50:55Z" finished-at="2021-06-30T18:50:56Z">
          <reporter-output>
          </reporter-output>
        </test-method> <!-- deinitialize -->
      </class> <!-- testcases.testcase1 -->
    </test> <!-- Surefire test -->
  </suite> <!-- Surefire suite -->
</testng-results>
